<?xml version="1.0" encoding="UTF-8"?>
<!-- Generated by org.testng.reporters.JUnitReportReporter -->
<testsuite skipped="0" hostname="DESKTOP-5PQ2I20" name="tests.MealItemTest" tests="1" failures="0" timestamp="2021-02-25T00:37:59 CET" time="25.867" errors="0">
  <testcase name="addMealToCart" time="25.867" classname="tests.MealItemTest"/>
  <system-out/>
</testsuite> <!-- tests.MealItemTest -->
