<?xml version="1.0" encoding="UTF-8"?>
<!-- Generated by org.testng.reporters.JUnitReportReporter -->
<testsuite skipped="0" hostname="DESKTOP-5PQ2I20" name="tests.ProfileTest" tests="2" failures="0" timestamp="2021-02-25T00:37:09 CET" time="35.291" errors="0">
  <testcase name="editProfile" time="18.560" classname="tests.ProfileTest"/>
  <system-out/>
  <testcase name="ChangeProfileImage" time="16.731" classname="tests.ProfileTest"/>
  <system-out/>
</testsuite> <!-- tests.ProfileTest -->
