<?xml version="1.0" encoding="UTF-8"?>
<!-- Generated by org.testng.reporters.JUnitReportReporter -->
<testsuite skipped="0" hostname="DESKTOP-5PQ2I20" name="tests.SearchTest" tests="1" failures="0" timestamp="2021-02-25T19:45:57 CET" time="156.070" errors="0">
  <testcase name="searchResultsTest" time="156.070" classname="tests.SearchTest"/>
  <system-out/>
</testsuite> <!-- tests.SearchTest -->
