<?xml version="1.0" encoding="UTF-8"?>
<!-- Generated by org.testng.reporters.JUnitReportReporter -->
<testsuite skipped="0" hostname="DESKTOP-5PQ2I20" name="tests.ProfileTest" tests="2" failures="0" timestamp="2021-02-25T02:13:01 CET" time="32.325" errors="0">
  <testcase name="editProfile" time="16.198" classname="tests.ProfileTest"/>
  <system-out/>
  <testcase name="ChangeProfileImage" time="16.127" classname="tests.ProfileTest"/>
  <system-out/>
</testsuite> <!-- tests.ProfileTest -->
