<?xml version="1.0" encoding="UTF-8"?>
<!-- Generated by org.testng.reporters.JUnitReportReporter -->
<testsuite skipped="0" hostname="DESKTOP-5PQ2I20" name="tests.MealItemTest" tests="3" failures="0" timestamp="2021-02-25T03:16:16 CET" time="64.769" errors="0">
  <testcase name="addMealToCart" time="23.039" classname="tests.MealItemTest"/>
  <system-out/>
  <testcase name="addMealToFavorite" time="14.628" classname="tests.MealItemTest"/>
  <system-out/>
  <testcase name="clearCart" time="27.102" classname="tests.MealItemTest"/>
  <system-out/>
</testsuite> <!-- tests.MealItemTest -->
