<?xml version="1.0" encoding="UTF-8"?>
<!-- Generated by org.testng.reporters.JUnitReportReporter -->
<testsuite skipped="0" hostname="DESKTOP-5PQ2I20" name="tests.ProfileTest" tests="2" failures="0" timestamp="2021-02-25T03:05:58 CET" time="45.530" errors="0">
  <testcase name="editProfile" time="27.841" classname="tests.ProfileTest"/>
  <system-out/>
  <testcase name="ChangeProfileImage" time="17.689" classname="tests.ProfileTest"/>
  <system-out/>
</testsuite> <!-- tests.ProfileTest -->
